[2023-03-17T02:25:43.605802]>Attempting to fetch the following:
	URL: https://www.dakotamatrix.com/images/database/silver15294a_2.jpg
	Filename: silver15294a_2.jpg
[2023-03-17T02:25:44.091860]>Image silver15294a_2.jpg downloaded succesfully to the following path: D:\Users\Reis\Documents\Reis\PersonalProjects\MineralPydia\img_dump\silver15294a_2.jpg
[2023-03-17T02:25:44.091860]>Attempting to fetch the following:
	URL: https://www.dakotamatrix.com/images/products/acanthite31476b.jpg
	Filename: acanthite31476b.jpg
[2023-03-17T02:25:44.456881]>Image acanthite31476b.jpg downloaded succesfully to the following path: D:\Users\Reis\Documents\Reis\PersonalProjects\MineralPydia\img_dump\acanthite31476b.jpg
[2023-03-17T02:25:44.457869]>Attempting to fetch the following:
	URL: https://www.dakotamatrix.com/images/products/acanthite31476c.jpg
	Filename: acanthite31476c.jpg
[2023-03-17T02:25:44.831650]>Image acanthite31476c.jpg downloaded succesfully to the following path: D:\Users\Reis\Documents\Reis\PersonalProjects\MineralPydia\img_dump\acanthite31476c.jpg
[2023-03-17T02:25:44.831650]>Attempting to fetch the following:
	URL: https://www.dakotamatrix.com/images/products/acanthite31476e.jpg
	Filename: acanthite31476e.jpg
[2023-03-17T02:25:45.195871]>Image acanthite31476e.jpg downloaded succesfully to the following path: D:\Users\Reis\Documents\Reis\PersonalProjects\MineralPydia\img_dump\acanthite31476e.jpg
[2023-03-17T02:25:45.195871]>Attempting to fetch the following:
	URL: https://www.dakotamatrix.com/images/products/acanthite31476h.jpg
	Filename: acanthite31476h.jpg
[2023-03-17T02:25:45.558142]>Image acanthite31476h.jpg downloaded succesfully to the following path: D:\Users\Reis\Documents\Reis\PersonalProjects\MineralPydia\img_dump\acanthite31476h.jpg
[2023-03-17T02:25:45.559126]>Attempting to fetch the following:
	URL: https://www.dakotamatrix.com/images/products/acanthite34322b.jpg
	Filename: acanthite34322b.jpg
[2023-03-17T02:25:45.936913]>Image acanthite34322b.jpg downloaded succesfully to the following path: D:\Users\Reis\Documents\Reis\PersonalProjects\MineralPydia\img_dump\acanthite34322b.jpg
[2023-03-17T02:25:45.937912]>Attempting to fetch the following:
	URL: https://www.dakotamatrix.com/images/products/acanthite34322c.jpg
	Filename: acanthite34322c.jpg
[2023-03-17T02:25:46.311835]>Image acanthite34322c.jpg downloaded succesfully to the following path: D:\Users\Reis\Documents\Reis\PersonalProjects\MineralPydia\img_dump\acanthite34322c.jpg
[2023-03-17T02:25:46.311835]>Attempting to fetch the following:
	URL: https://www.dakotamatrix.com/images/products/acanthite34322e.jpg
	Filename: acanthite34322e.jpg
[2023-03-17T02:25:46.688694]>Image acanthite34322e.jpg downloaded succesfully to the following path: D:\Users\Reis\Documents\Reis\PersonalProjects\MineralPydia\img_dump\acanthite34322e.jpg
[2023-03-17T02:25:46.689692]>Attempting to fetch the following:
	URL: https://www.dakotamatrix.com/images/products/acanthite34322i.jpg
	Filename: acanthite34322i.jpg
[2023-03-17T02:25:47.056061]>Image acanthite34322i.jpg downloaded succesfully to the following path: D:\Users\Reis\Documents\Reis\PersonalProjects\MineralPydia\img_dump\acanthite34322i.jpg
[2023-03-17T02:25:47.057059]>Attempting to fetch the following:
	URL: https://www.dakotamatrix.com/images/products/acanthite34322k.jpg
	Filename: acanthite34322k.jpg
[2023-03-17T02:25:47.414851]>Image acanthite34322k.jpg downloaded succesfully to the following path: D:\Users\Reis\Documents\Reis\PersonalProjects\MineralPydia\img_dump\acanthite34322k.jpg
[2023-03-17T02:25:47.415849]>Attempting to fetch the following:
	URL: https://www.dakotamatrix.com/images/products/acanthite37222b.jpg
	Filename: acanthite37222b.jpg
[2023-03-17T02:25:47.755821]>Image acanthite37222b.jpg downloaded succesfully to the following path: D:\Users\Reis\Documents\Reis\PersonalProjects\MineralPydia\img_dump\acanthite37222b.jpg
[2023-03-17T02:25:47.755821]>Attempting to fetch the following:
	URL: https://www.dakotamatrix.com/images/products/acanthite37222d.jpg
	Filename: acanthite37222d.jpg
[2023-03-17T02:25:48.127440]>Image acanthite37222d.jpg downloaded succesfully to the following path: D:\Users\Reis\Documents\Reis\PersonalProjects\MineralPydia\img_dump\acanthite37222d.jpg
[2023-03-17T02:25:48.127440]>Attempting to fetch the following:
	URL: https://www.dakotamatrix.com/images/products/acanthite42762b.jpg
	Filename: acanthite42762b.jpg
[2023-03-17T02:25:48.478502]>Image acanthite42762b.jpg downloaded succesfully to the following path: D:\Users\Reis\Documents\Reis\PersonalProjects\MineralPydia\img_dump\acanthite42762b.jpg
[2023-03-17T02:25:48.478502]>Attempting to fetch the following:
	URL: https://www.dakotamatrix.com/images/products/acanthite42762f.jpg
	Filename: acanthite42762f.jpg
[2023-03-17T02:25:48.846312]>Image acanthite42762f.jpg downloaded succesfully to the following path: D:\Users\Reis\Documents\Reis\PersonalProjects\MineralPydia\img_dump\acanthite42762f.jpg
[2023-03-17T02:25:48.847309]>Attempting to fetch the following:
	URL: https://www.dakotamatrix.com/images/products/acanthite42762b.jpg
	Filename: acanthite42762b.jpg
[2023-03-17T02:25:49.203153]>Image acanthite42762b.jpg downloaded succesfully to the following path: D:\Users\Reis\Documents\Reis\PersonalProjects\MineralPydia\img_dump\acanthite42762b.jpg
[2023-03-17T02:25:49.203153]>Attempting to fetch the following:
	URL: https://www.dakotamatrix.com/images/products/acanthite42762a.jpg
	Filename: acanthite42762a.jpg
[2023-03-17T02:25:49.578163]>Image acanthite42762a.jpg downloaded succesfully to the following path: D:\Users\Reis\Documents\Reis\PersonalProjects\MineralPydia\img_dump\acanthite42762a.jpg
[2023-03-17T02:25:49.578163]>Attempting to fetch the following:
	URL: https://www.dakotamatrix.com/images/products/acanthite42762c.jpg
	Filename: acanthite42762c.jpg
[2023-03-17T02:25:49.937644]>Image acanthite42762c.jpg downloaded succesfully to the following path: D:\Users\Reis\Documents\Reis\PersonalProjects\MineralPydia\img_dump\acanthite42762c.jpg
[2023-03-17T02:25:49.937644]>Attempting to fetch the following:
	URL: https://www.dakotamatrix.com/images/products/acanthite42762f.jpg
	Filename: acanthite42762f.jpg
[2023-03-17T02:25:50.288101]>Image acanthite42762f.jpg downloaded succesfully to the following path: D:\Users\Reis\Documents\Reis\PersonalProjects\MineralPydia\img_dump\acanthite42762f.jpg
[2023-03-17T02:25:50.288101]>Attempting to fetch the following:
	URL: https://www.dakotamatrix.com/images/products/Acanthite38794r.jpg
	Filename: Acanthite38794r.jpg
[2023-03-17T02:25:50.656118]>Image Acanthite38794r.jpg downloaded succesfully to the following path: D:\Users\Reis\Documents\Reis\PersonalProjects\MineralPydia\img_dump\Acanthite38794r.jpg
[2023-03-17T02:25:50.656118]>Attempting to fetch the following:
	URL: https://www.dakotamatrix.com/images/products/acanthite38794h.jpg
	Filename: acanthite38794h.jpg
[2023-03-17T02:25:51.018375]>Image acanthite38794h.jpg downloaded succesfully to the following path: D:\Users\Reis\Documents\Reis\PersonalProjects\MineralPydia\img_dump\acanthite38794h.jpg
[2023-03-17T02:25:51.018375]>Attempting to fetch the following:
	URL: https://www.dakotamatrix.com/images/products/Acanthite38794t.jpg
	Filename: Acanthite38794t.jpg
[2023-03-17T02:25:51.440755]>Image Acanthite38794t.jpg downloaded succesfully to the following path: D:\Users\Reis\Documents\Reis\PersonalProjects\MineralPydia\img_dump\Acanthite38794t.jpg
[2023-03-17T02:25:51.440755]>Attempting to fetch the following:
	URL: https://www.dakotamatrix.com/images/products/acanthite38781b.jpg
	Filename: acanthite38781b.jpg
[2023-03-17T02:25:51.798269]>Image acanthite38781b.jpg downloaded succesfully to the following path: D:\Users\Reis\Documents\Reis\PersonalProjects\MineralPydia\img_dump\acanthite38781b.jpg
[2023-03-17T02:25:51.798269]>Attempting to fetch the following:
	URL: https://www.dakotamatrix.com/images/products/acanthite43128b.jpg
	Filename: acanthite43128b.jpg
[2023-03-17T02:25:52.161322]>Image acanthite43128b.jpg downloaded succesfully to the following path: D:\Users\Reis\Documents\Reis\PersonalProjects\MineralPydia\img_dump\acanthite43128b.jpg
[2023-03-17T02:25:52.161322]>Attempting to fetch the following:
	URL: https://www.dakotamatrix.com/images/products/acanthite43128c.jpg
	Filename: acanthite43128c.jpg
[2023-03-17T02:25:52.531332]>Image acanthite43128c.jpg downloaded succesfully to the following path: D:\Users\Reis\Documents\Reis\PersonalProjects\MineralPydia\img_dump\acanthite43128c.jpg
[2023-03-17T02:25:52.531332]>Attempting to fetch the following:
	URL: https://www.dakotamatrix.com/images/products/acanthite43128d.jpg
	Filename: acanthite43128d.jpg
[2023-03-17T02:25:52.913820]>Image acanthite43128d.jpg downloaded succesfully to the following path: D:\Users\Reis\Documents\Reis\PersonalProjects\MineralPydia\img_dump\acanthite43128d.jpg
[2023-03-17T02:25:52.914818]>Attempting to fetch the following:
	URL: https://www.dakotamatrix.com/images/products/acanthite47272f.JPG
	Filename: acanthite47272f.JPG
[2023-03-17T02:25:53.295827]>Image acanthite47272f.JPG downloaded succesfully to the following path: D:\Users\Reis\Documents\Reis\PersonalProjects\MineralPydia\img_dump\acanthite47272f.JPG
[2023-03-17T02:25:53.295827]>Attempting to fetch the following:
	URL: https://www.dakotamatrix.com/images/products/acanthite47272d.JPG
	Filename: acanthite47272d.JPG
[2023-03-17T02:25:53.660229]>Image acanthite47272d.JPG downloaded succesfully to the following path: D:\Users\Reis\Documents\Reis\PersonalProjects\MineralPydia\img_dump\acanthite47272d.JPG
[2023-03-17T02:25:53.661227]>Attempting to fetch the following:
	URL: https://www.dakotamatrix.com/images/products/acanthite47272c.JPG
	Filename: acanthite47272c.JPG
[2023-03-17T02:25:54.031950]>Image acanthite47272c.JPG downloaded succesfully to the following path: D:\Users\Reis\Documents\Reis\PersonalProjects\MineralPydia\img_dump\acanthite47272c.JPG
[2023-03-17T02:25:54.032923]>Attempting to fetch the following:
	URL: https://www.dakotamatrix.com/images/products/acanthite47272g.JPG
	Filename: acanthite47272g.JPG
[2023-03-17T02:25:54.387975]>Image acanthite47272g.JPG downloaded succesfully to the following path: D:\Users\Reis\Documents\Reis\PersonalProjects\MineralPydia\img_dump\acanthite47272g.JPG
[2023-03-17T02:25:54.388972]>Attempting to fetch the following:
	URL: https://www.dakotamatrix.com/images/products/acanthite47272e.JPG
	Filename: acanthite47272e.JPG
[2023-03-17T02:25:54.751005]>Image acanthite47272e.JPG downloaded succesfully to the following path: D:\Users\Reis\Documents\Reis\PersonalProjects\MineralPydia\img_dump\acanthite47272e.JPG
[2023-03-17T02:25:54.751005]>Attempting to fetch the following:
	URL: https://www.dakotamatrix.com/images/products/acanthite47270a.JPG
	Filename: acanthite47270a.JPG
[2023-03-17T02:25:55.130278]>Image acanthite47270a.JPG downloaded succesfully to the following path: D:\Users\Reis\Documents\Reis\PersonalProjects\MineralPydia\img_dump\acanthite47270a.JPG
[2023-03-17T02:25:55.130278]>Attempting to fetch the following:
	URL: https://www.dakotamatrix.com/images/products/acanthite47270b.JPG
	Filename: acanthite47270b.JPG
[2023-03-17T02:25:55.471660]>Image acanthite47270b.JPG downloaded succesfully to the following path: D:\Users\Reis\Documents\Reis\PersonalProjects\MineralPydia\img_dump\acanthite47270b.JPG
[2023-03-17T02:25:55.471660]>Attempting to fetch the following:
	URL: https://www.dakotamatrix.com/images/products/acanthite47270c.JPG
	Filename: acanthite47270c.JPG
[2023-03-17T02:25:55.856666]>Image acanthite47270c.JPG downloaded succesfully to the following path: D:\Users\Reis\Documents\Reis\PersonalProjects\MineralPydia\img_dump\acanthite47270c.JPG
[2023-03-17T02:25:55.857657]>Attempting to fetch the following:
	URL: https://www.dakotamatrix.com/images/products/acanthite47271a.JPG
	Filename: acanthite47271a.JPG
[2023-03-17T02:25:56.225911]>Image acanthite47271a.JPG downloaded succesfully to the following path: D:\Users\Reis\Documents\Reis\PersonalProjects\MineralPydia\img_dump\acanthite47271a.JPG
[2023-03-17T02:25:56.225911]>Attempting to fetch the following:
	URL: https://www.dakotamatrix.com/images/products/acanthite47271d.JPG
	Filename: acanthite47271d.JPG
[2023-03-17T02:25:56.589872]>Image acanthite47271d.JPG downloaded succesfully to the following path: D:\Users\Reis\Documents\Reis\PersonalProjects\MineralPydia\img_dump\acanthite47271d.JPG
[2023-03-17T02:25:56.589872]>Attempting to fetch the following:
	URL: https://www.dakotamatrix.com/images/products/acanthite47271e.JPG
	Filename: acanthite47271e.JPG
[2023-03-17T02:25:56.953060]>Image acanthite47271e.JPG downloaded succesfully to the following path: D:\Users\Reis\Documents\Reis\PersonalProjects\MineralPydia\img_dump\acanthite47271e.JPG
[2023-03-17T02:25:56.953060]>Attempting to fetch the following:
	URL: https://www.dakotamatrix.com/images/products/acanthite48558h.JPG
	Filename: acanthite48558h.JPG
[2023-03-17T02:25:57.293333]>Image acanthite48558h.JPG downloaded succesfully to the following path: D:\Users\Reis\Documents\Reis\PersonalProjects\MineralPydia\img_dump\acanthite48558h.JPG
[2023-03-17T02:25:57.293333]>Attempting to fetch the following:
	URL: https://www.dakotamatrix.com/images/products/acanthite48558f.JPG
	Filename: acanthite48558f.JPG
[2023-03-17T02:25:57.692284]>Image acanthite48558f.JPG downloaded succesfully to the following path: D:\Users\Reis\Documents\Reis\PersonalProjects\MineralPydia\img_dump\acanthite48558f.JPG
[2023-03-17T02:25:57.692284]>Attempting to fetch the following:
	URL: https://www.dakotamatrix.com/images/products/acanthite48558e.JPG
	Filename: acanthite48558e.JPG
[2023-03-17T02:25:58.040817]>Image acanthite48558e.JPG downloaded succesfully to the following path: D:\Users\Reis\Documents\Reis\PersonalProjects\MineralPydia\img_dump\acanthite48558e.JPG
[2023-03-17T02:25:58.041792]>Attempting to fetch the following:
	URL: https://www.dakotamatrix.com/images/products/acanthite48558d.JPG
	Filename: acanthite48558d.JPG
[2023-03-17T02:25:58.429820]>Image acanthite48558d.JPG downloaded succesfully to the following path: D:\Users\Reis\Documents\Reis\PersonalProjects\MineralPydia\img_dump\acanthite48558d.JPG
[2023-03-17T02:25:58.429820]>Attempting to fetch the following:
	URL: https://www.dakotamatrix.com/images/products/acanthite49052a.JPG
	Filename: acanthite49052a.JPG
[2023-03-17T02:25:58.825079]>Image acanthite49052a.JPG downloaded succesfully to the following path: D:\Users\Reis\Documents\Reis\PersonalProjects\MineralPydia\img_dump\acanthite49052a.JPG
[2023-03-17T02:25:58.825079]>Attempting to fetch the following:
	URL: https://www.dakotamatrix.com/images/products/acanthite49052c.JPG
	Filename: acanthite49052c.JPG
[2023-03-17T02:25:59.190924]>Image acanthite49052c.JPG downloaded succesfully to the following path: D:\Users\Reis\Documents\Reis\PersonalProjects\MineralPydia\img_dump\acanthite49052c.JPG
[2023-03-17T02:25:59.190924]>Attempting to fetch the following:
	URL: https://www.dakotamatrix.com/images/products/acanthite49052b.JPG
	Filename: acanthite49052b.JPG
[2023-03-17T02:25:59.555990]>Image acanthite49052b.JPG downloaded succesfully to the following path: D:\Users\Reis\Documents\Reis\PersonalProjects\MineralPydia\img_dump\acanthite49052b.JPG
[2023-03-17T02:25:59.556996]>Attempting to fetch the following:
	URL: https://www.dakotamatrix.com/images/products/acanthite51682c.JPG
	Filename: acanthite51682c.JPG
[2023-03-17T02:25:59.935927]>Image acanthite51682c.JPG downloaded succesfully to the following path: D:\Users\Reis\Documents\Reis\PersonalProjects\MineralPydia\img_dump\acanthite51682c.JPG
[2023-03-17T02:25:59.935927]>Attempting to fetch the following:
	URL: https://www.dakotamatrix.com/images/products/acanthite51682d.JPG
	Filename: acanthite51682d.JPG
[2023-03-17T02:26:00.282582]>Image acanthite51682d.JPG downloaded succesfully to the following path: D:\Users\Reis\Documents\Reis\PersonalProjects\MineralPydia\img_dump\acanthite51682d.JPG
[2023-03-17T02:26:00.282582]>Attempting to fetch the following:
	URL: https://www.dakotamatrix.com/images/products/acanthite49050b.JPG
	Filename: acanthite49050b.JPG
[2023-03-17T02:26:00.664918]>Image acanthite49050b.JPG downloaded succesfully to the following path: D:\Users\Reis\Documents\Reis\PersonalProjects\MineralPydia\img_dump\acanthite49050b.JPG
[2023-03-17T02:26:00.665914]>Attempting to fetch the following:
	URL: https://www.dakotamatrix.com/images/products/acanthite49050c.JPG
	Filename: acanthite49050c.JPG
[2023-03-17T02:26:01.026853]>Image acanthite49050c.JPG downloaded succesfully to the following path: D:\Users\Reis\Documents\Reis\PersonalProjects\MineralPydia\img_dump\acanthite49050c.JPG
[2023-03-17T02:26:01.026853]>Attempting to fetch the following:
	URL: https://www.dakotamatrix.com/images/products/acanthite53343a.JPG
	Filename: acanthite53343a.JPG
[2023-03-17T02:26:01.378903]>Image acanthite53343a.JPG downloaded succesfully to the following path: D:\Users\Reis\Documents\Reis\PersonalProjects\MineralPydia\img_dump\acanthite53343a.JPG
[2023-03-17T02:26:01.378903]>Attempting to fetch the following:
	URL: https://www.dakotamatrix.com/images/products/acanthite53343b.JPG
	Filename: acanthite53343b.JPG
[2023-03-17T02:26:01.744258]>Image acanthite53343b.JPG downloaded succesfully to the following path: D:\Users\Reis\Documents\Reis\PersonalProjects\MineralPydia\img_dump\acanthite53343b.JPG
[2023-03-17T02:26:01.744258]>Attempting to fetch the following:
	URL: https://www.dakotamatrix.com/images/products/acanthite53343c.JPG
	Filename: acanthite53343c.JPG
[2023-03-17T02:26:02.094005]>Image acanthite53343c.JPG downloaded succesfully to the following path: D:\Users\Reis\Documents\Reis\PersonalProjects\MineralPydia\img_dump\acanthite53343c.JPG
[2023-03-17T02:26:02.094959]>Attempting to fetch the following:
	URL: https://www.dakotamatrix.com/images/products/acanthite53343d.JPG
	Filename: acanthite53343d.JPG
[2023-03-17T02:26:02.483729]>Image acanthite53343d.JPG downloaded succesfully to the following path: D:\Users\Reis\Documents\Reis\PersonalProjects\MineralPydia\img_dump\acanthite53343d.JPG
[2023-03-17T02:26:02.483729]>Attempting to fetch the following:
	URL: https://www.dakotamatrix.com/images/products/acanthite56939e.JPG
	Filename: acanthite56939e.JPG
[2023-03-17T02:26:02.836268]>Image acanthite56939e.JPG downloaded succesfully to the following path: D:\Users\Reis\Documents\Reis\PersonalProjects\MineralPydia\img_dump\acanthite56939e.JPG
[2023-03-17T02:26:02.836268]>Attempting to fetch the following:
	URL: https://www.dakotamatrix.com/images/products/acanthite56939f.JPG
	Filename: acanthite56939f.JPG
[2023-03-17T02:26:03.234339]>Image acanthite56939f.JPG downloaded succesfully to the following path: D:\Users\Reis\Documents\Reis\PersonalProjects\MineralPydia\img_dump\acanthite56939f.JPG
[2023-03-17T02:26:03.234339]>Attempting to fetch the following:
	URL: https://www.dakotamatrix.com/images/products/acanthite56939h.JPG
	Filename: acanthite56939h.JPG
[2023-03-17T02:26:03.664497]>Image acanthite56939h.JPG downloaded succesfully to the following path: D:\Users\Reis\Documents\Reis\PersonalProjects\MineralPydia\img_dump\acanthite56939h.JPG
[2023-03-17T02:26:03.664497]>Attempting to fetch the following:
	URL: https://www.dakotamatrix.com/images/products/acanthite56931c.JPG
	Filename: acanthite56931c.JPG
[2023-03-17T02:26:04.007085]>Image acanthite56931c.JPG downloaded succesfully to the following path: D:\Users\Reis\Documents\Reis\PersonalProjects\MineralPydia\img_dump\acanthite56931c.JPG
[2023-03-17T02:26:04.007085]>Attempting to fetch the following:
	URL: https://www.dakotamatrix.com/images/products/acanthite56931d.JPG
	Filename: acanthite56931d.JPG
[2023-03-17T02:26:04.371840]>Image acanthite56931d.JPG downloaded succesfully to the following path: D:\Users\Reis\Documents\Reis\PersonalProjects\MineralPydia\img_dump\acanthite56931d.JPG
[2023-03-17T02:26:04.372840]>Attempting to fetch the following:
	URL: https://www.dakotamatrix.com/images/products/acanthite47425a.JPG
	Filename: acanthite47425a.JPG
[2023-03-17T02:26:04.751199]>Image acanthite47425a.JPG downloaded succesfully to the following path: D:\Users\Reis\Documents\Reis\PersonalProjects\MineralPydia\img_dump\acanthite47425a.JPG
[2023-03-17T02:26:04.752195]>Attempting to fetch the following:
	URL: https://www.dakotamatrix.com/images/products/acanthite47425f.JPG
	Filename: acanthite47425f.JPG
[2023-03-17T02:26:05.106274]>Image acanthite47425f.JPG downloaded succesfully to the following path: D:\Users\Reis\Documents\Reis\PersonalProjects\MineralPydia\img_dump\acanthite47425f.JPG
[2023-03-17T02:26:05.107240]>Attempting to fetch the following:
	URL: https://www.dakotamatrix.com/images/products/acanthite47425d.JPG
	Filename: acanthite47425d.JPG
[2023-03-17T02:26:05.466704]>Image acanthite47425d.JPG downloaded succesfully to the following path: D:\Users\Reis\Documents\Reis\PersonalProjects\MineralPydia\img_dump\acanthite47425d.JPG
[2023-03-17T02:26:05.467702]>Attempting to fetch the following:
	URL: https://www.dakotamatrix.com/images/products/acanthite47425g.JPG
	Filename: acanthite47425g.JPG
[2023-03-17T02:26:05.850876]>Image acanthite47425g.JPG downloaded succesfully to the following path: D:\Users\Reis\Documents\Reis\PersonalProjects\MineralPydia\img_dump\acanthite47425g.JPG
[2023-03-17T02:26:05.850876]>Attempting to fetch the following:
	URL: https://www.dakotamatrix.com/images/products/acanthite47425b.JPG
	Filename: acanthite47425b.JPG
[2023-03-17T02:26:06.191759]>Image acanthite47425b.JPG downloaded succesfully to the following path: D:\Users\Reis\Documents\Reis\PersonalProjects\MineralPydia\img_dump\acanthite47425b.JPG
[2023-03-17T02:26:06.191759]>Attempting to fetch the following:
	URL: https://www.dakotamatrix.com/images/database/adamite22340a.jpg
	Filename: adamite22340a.jpg
[2023-03-17T02:26:06.457988]>Image adamite22340a.jpg downloaded succesfully to the following path: D:\Users\Reis\Documents\Reis\PersonalProjects\MineralPydia\img_dump\adamite22340a.jpg
[2023-03-17T02:26:06.458985]>Attempting to fetch the following:
	URL: https://www.dakotamatrix.com/images/database/adamite3451p.jpg
	Filename: adamite3451p.jpg
[2023-03-17T02:26:06.769636]>Image adamite3451p.jpg downloaded succesfully to the following path: D:\Users\Reis\Documents\Reis\PersonalProjects\MineralPydia\img_dump\adamite3451p.jpg
[2023-03-17T02:26:06.769636]>Attempting to fetch the following:
	URL: https://www.dakotamatrix.com/images/products/adamite23740b.jpg
	Filename: adamite23740b.jpg
[2023-03-17T02:26:07.144015]>Image adamite23740b.jpg downloaded succesfully to the following path: D:\Users\Reis\Documents\Reis\PersonalProjects\MineralPydia\img_dump\adamite23740b.jpg
[2023-03-17T02:26:07.145018]>Attempting to fetch the following:
	URL: https://www.dakotamatrix.com/images/products/adamite23740c.jpg
	Filename: adamite23740c.jpg
[2023-03-17T02:26:07.560437]>Image adamite23740c.jpg downloaded succesfully to the following path: D:\Users\Reis\Documents\Reis\PersonalProjects\MineralPydia\img_dump\adamite23740c.jpg
[2023-03-17T02:26:07.561405]>Attempting to fetch the following:
	URL: https://www.dakotamatrix.com/images/products/adamite23740f.jpg
	Filename: adamite23740f.jpg
[2023-03-17T02:26:07.922159]>Image adamite23740f.jpg downloaded succesfully to the following path: D:\Users\Reis\Documents\Reis\PersonalProjects\MineralPydia\img_dump\adamite23740f.jpg
[2023-03-17T02:26:07.922159]>Attempting to fetch the following:
	URL: https://www.dakotamatrix.com/images/products/adamite23740e.jpg
	Filename: adamite23740e.jpg
[2023-03-17T02:26:08.256951]>Image adamite23740e.jpg downloaded succesfully to the following path: D:\Users\Reis\Documents\Reis\PersonalProjects\MineralPydia\img_dump\adamite23740e.jpg
[2023-03-17T02:26:08.256951]>Attempting to fetch the following:
	URL: https://www.dakotamatrix.com/images/products/adamite23740d.jpg
	Filename: adamite23740d.jpg
[2023-03-17T02:26:08.615238]>Image adamite23740d.jpg downloaded succesfully to the following path: D:\Users\Reis\Documents\Reis\PersonalProjects\MineralPydia\img_dump\adamite23740d.jpg
[2023-03-17T02:26:08.615238]>Attempting to fetch the following:
	URL: https://www.dakotamatrix.com/images/products/adamite23740g.jpg
	Filename: adamite23740g.jpg
[2023-03-17T02:26:08.946449]>Image adamite23740g.jpg downloaded succesfully to the following path: D:\Users\Reis\Documents\Reis\PersonalProjects\MineralPydia\img_dump\adamite23740g.jpg
[2023-03-17T02:26:08.946449]>Attempting to fetch the following:
	URL: https://www.dakotamatrix.com/images/products/adamite23740h.jpg
	Filename: adamite23740h.jpg
[2023-03-17T02:26:09.302555]>Image adamite23740h.jpg downloaded succesfully to the following path: D:\Users\Reis\Documents\Reis\PersonalProjects\MineralPydia\img_dump\adamite23740h.jpg
[2023-03-17T02:26:09.302555]>Attempting to fetch the following:
	URL: https://www.dakotamatrix.com/images/products/adamite32607a.jpg
	Filename: adamite32607a.jpg
[2023-03-17T02:26:09.660375]>Image adamite32607a.jpg downloaded succesfully to the following path: D:\Users\Reis\Documents\Reis\PersonalProjects\MineralPydia\img_dump\adamite32607a.jpg
[2023-03-17T02:26:09.660375]>Attempting to fetch the following:
	URL: https://www.dakotamatrix.com/images/products/adamite32607b.jpg
	Filename: adamite32607b.jpg
[2023-03-17T02:26:09.997807]>Image adamite32607b.jpg downloaded succesfully to the following path: D:\Users\Reis\Documents\Reis\PersonalProjects\MineralPydia\img_dump\adamite32607b.jpg
[2023-03-17T02:26:09.997807]>Attempting to fetch the following:
	URL: https://www.dakotamatrix.com/images/products/adamite32607c.jpg
	Filename: adamite32607c.jpg
[2023-03-17T02:26:10.385911]>Image adamite32607c.jpg downloaded succesfully to the following path: D:\Users\Reis\Documents\Reis\PersonalProjects\MineralPydia\img_dump\adamite32607c.jpg
[2023-03-17T02:26:10.385911]>Attempting to fetch the following:
	URL: https://www.dakotamatrix.com/images/products/adamite32607d.jpg
	Filename: adamite32607d.jpg
[2023-03-17T02:26:10.752290]>Image adamite32607d.jpg downloaded succesfully to the following path: D:\Users\Reis\Documents\Reis\PersonalProjects\MineralPydia\img_dump\adamite32607d.jpg
[2023-03-17T02:26:10.752290]>Attempting to fetch the following:
	URL: https://www.dakotamatrix.com/images/products/adamite19102b.jpg
	Filename: adamite19102b.jpg
[2023-03-17T02:26:11.161033]>Image adamite19102b.jpg downloaded succesfully to the following path: D:\Users\Reis\Documents\Reis\PersonalProjects\MineralPydia\img_dump\adamite19102b.jpg
[2023-03-17T02:26:11.162037]>Attempting to fetch the following:
	URL: https://www.dakotamatrix.com/images/products/adamite19102a.jpg
	Filename: adamite19102a.jpg
[2023-03-17T02:26:11.621818]>Image adamite19102a.jpg downloaded succesfully to the following path: D:\Users\Reis\Documents\Reis\PersonalProjects\MineralPydia\img_dump\adamite19102a.jpg
[2023-03-17T02:26:11.622817]>Attempting to fetch the following:
	URL: https://www.dakotamatrix.com/images/products/adamite19102a.jpg
	Filename: adamite19102a.jpg
[2023-03-17T02:26:12.064652]>Image adamite19102a.jpg downloaded succesfully to the following path: D:\Users\Reis\Documents\Reis\PersonalProjects\MineralPydia\img_dump\adamite19102a.jpg
[2023-03-17T02:26:12.064652]>Attempting to fetch the following:
	URL: https://www.dakotamatrix.com/images/products/adamite19102c.jpg
	Filename: adamite19102c.jpg
[2023-03-17T02:26:12.482809]>Image adamite19102c.jpg downloaded succesfully to the following path: D:\Users\Reis\Documents\Reis\PersonalProjects\MineralPydia\img_dump\adamite19102c.jpg
[2023-03-17T02:26:12.482809]>Attempting to fetch the following:
	URL: https://www.dakotamatrix.com/images/products/adamite41075b.jpg
	Filename: adamite41075b.jpg
[2023-03-17T02:26:12.822606]>Image adamite41075b.jpg downloaded succesfully to the following path: D:\Users\Reis\Documents\Reis\PersonalProjects\MineralPydia\img_dump\adamite41075b.jpg
[2023-03-17T02:26:12.822606]>Attempting to fetch the following:
	URL: https://www.dakotamatrix.com/images/products/adamite41075c.jpg
	Filename: adamite41075c.jpg
[2023-03-17T02:26:13.277499]>Image adamite41075c.jpg downloaded succesfully to the following path: D:\Users\Reis\Documents\Reis\PersonalProjects\MineralPydia\img_dump\adamite41075c.jpg
[2023-03-17T02:26:13.278496]>Attempting to fetch the following:
	URL: https://www.dakotamatrix.com/images/database/adamite29926c.jpg
	Filename: adamite29926c.jpg
[2023-03-17T02:26:13.800042]>Image adamite29926c.jpg downloaded succesfully to the following path: D:\Users\Reis\Documents\Reis\PersonalProjects\MineralPydia\img_dump\adamite29926c.jpg
[2023-03-17T02:26:13.800042]>Attempting to fetch the following:
	URL: https://www.dakotamatrix.com/images/products/adamite41736b.jpg
	Filename: adamite41736b.jpg
[2023-03-17T02:26:14.159652]>Image adamite41736b.jpg downloaded succesfully to the following path: D:\Users\Reis\Documents\Reis\PersonalProjects\MineralPydia\img_dump\adamite41736b.jpg
[2023-03-17T02:26:14.160689]>Attempting to fetch the following:
	URL: https://www.dakotamatrix.com/images/products/adamite41736f.jpg
	Filename: adamite41736f.jpg
[2023-03-17T02:26:14.559680]>Image adamite41736f.jpg downloaded succesfully to the following path: D:\Users\Reis\Documents\Reis\PersonalProjects\MineralPydia\img_dump\adamite41736f.jpg
[2023-03-17T02:26:14.560677]>Attempting to fetch the following:
	URL: https://www.dakotamatrix.com/images/database/adamite41734e.jpg
	Filename: adamite41734e.jpg
[2023-03-17T02:26:14.928139]>Image adamite41734e.jpg downloaded succesfully to the following path: D:\Users\Reis\Documents\Reis\PersonalProjects\MineralPydia\img_dump\adamite41734e.jpg
[2023-03-17T02:26:14.929182]>Attempting to fetch the following:
	URL: https://www.dakotamatrix.com/images/database/adamite41734f.jpg
	Filename: adamite41734f.jpg
[2023-03-17T02:26:15.294906]>Image adamite41734f.jpg downloaded succesfully to the following path: D:\Users\Reis\Documents\Reis\PersonalProjects\MineralPydia\img_dump\adamite41734f.jpg
[2023-03-17T02:26:15.294906]>Attempting to fetch the following:
	URL: https://www.dakotamatrix.com/images/products/adamite41734k.jpg
	Filename: adamite41734k.jpg
[2023-03-17T02:26:15.696180]>Image adamite41734k.jpg downloaded succesfully to the following path: D:\Users\Reis\Documents\Reis\PersonalProjects\MineralPydia\img_dump\adamite41734k.jpg
[2023-03-17T02:26:15.696180]>Attempting to fetch the following:
	URL: https://www.dakotamatrix.com/images/products/adamite42403c.jpg
	Filename: adamite42403c.jpg
[2023-03-17T02:26:16.035343]>Image adamite42403c.jpg downloaded succesfully to the following path: D:\Users\Reis\Documents\Reis\PersonalProjects\MineralPydia\img_dump\adamite42403c.jpg
[2023-03-17T02:26:16.035343]>Attempting to fetch the following:
	URL: https://www.dakotamatrix.com/images/products/adamite42403i.jpg
	Filename: adamite42403i.jpg
[2023-03-17T02:26:16.396319]>Image adamite42403i.jpg downloaded succesfully to the following path: D:\Users\Reis\Documents\Reis\PersonalProjects\MineralPydia\img_dump\adamite42403i.jpg
[2023-03-17T02:26:16.396319]>Attempting to fetch the following:
	URL: https://www.dakotamatrix.com/images/products/adamite42403d.jpg
	Filename: adamite42403d.jpg
[2023-03-17T02:26:16.753736]>Image adamite42403d.jpg downloaded succesfully to the following path: D:\Users\Reis\Documents\Reis\PersonalProjects\MineralPydia\img_dump\adamite42403d.jpg
[2023-03-17T02:26:16.753736]>Attempting to fetch the following:
	URL: https://www.dakotamatrix.com/images/database/adamite12133p.jpg
	Filename: adamite12133p.jpg
[2023-03-17T02:26:17.047563]>Image adamite12133p.jpg downloaded succesfully to the following path: D:\Users\Reis\Documents\Reis\PersonalProjects\MineralPydia\img_dump\adamite12133p.jpg
[2023-03-17T02:26:17.047563]>Attempting to fetch the following:
	URL: https://www.dakotamatrix.com/images/database/adamiteSD1562d.jpg
	Filename: adamiteSD1562d.jpg
[2023-03-17T02:26:17.401706]>Image adamiteSD1562d.jpg downloaded succesfully to the following path: D:\Users\Reis\Documents\Reis\PersonalProjects\MineralPydia\img_dump\adamiteSD1562d.jpg
[2023-03-17T02:26:17.401706]>Attempting to fetch the following:
	URL: https://www.dakotamatrix.com/images/products/adamite36467d.jpg
	Filename: adamite36467d.jpg
[2023-03-17T02:26:17.757148]>Image adamite36467d.jpg downloaded succesfully to the following path: D:\Users\Reis\Documents\Reis\PersonalProjects\MineralPydia\img_dump\adamite36467d.jpg
[2023-03-17T02:26:17.757148]>Attempting to fetch the following:
	URL: https://www.dakotamatrix.com/images/products/adamite36467e.jpg
	Filename: adamite36467e.jpg
[2023-03-17T02:26:18.109997]>Image adamite36467e.jpg downloaded succesfully to the following path: D:\Users\Reis\Documents\Reis\PersonalProjects\MineralPydia\img_dump\adamite36467e.jpg
[2023-03-17T02:26:18.110950]>Attempting to fetch the following:
	URL: https://www.dakotamatrix.com/images/products/adamite36467f.jpg
	Filename: adamite36467f.jpg
[2023-03-17T02:26:18.480554]>Image adamite36467f.jpg downloaded succesfully to the following path: D:\Users\Reis\Documents\Reis\PersonalProjects\MineralPydia\img_dump\adamite36467f.jpg
[2023-03-17T02:26:18.480554]>Attempting to fetch the following:
	URL: https://www.dakotamatrix.com/images/products/adamite36489b.jpg
	Filename: adamite36489b.jpg
[2023-03-17T02:26:18.832353]>Image adamite36489b.jpg downloaded succesfully to the following path: D:\Users\Reis\Documents\Reis\PersonalProjects\MineralPydia\img_dump\adamite36489b.jpg
[2023-03-17T02:26:18.832353]>Attempting to fetch the following:
	URL: https://www.dakotamatrix.com/images/products/adamite36489c.jpg
	Filename: adamite36489c.jpg
[2023-03-17T02:26:19.254436]>Image adamite36489c.jpg downloaded succesfully to the following path: D:\Users\Reis\Documents\Reis\PersonalProjects\MineralPydia\img_dump\adamite36489c.jpg
[2023-03-17T02:26:19.254436]>Attempting to fetch the following:
	URL: https://www.dakotamatrix.com/images/products/adamite36489d.jpg
	Filename: adamite36489d.jpg
[2023-03-17T02:26:19.670966]>Image adamite36489d.jpg downloaded succesfully to the following path: D:\Users\Reis\Documents\Reis\PersonalProjects\MineralPydia\img_dump\adamite36489d.jpg
[2023-03-17T02:26:19.670966]>Attempting to fetch the following:
	URL: https://www.dakotamatrix.com/images/products/adamite36489g.jpg
	Filename: adamite36489g.jpg
[2023-03-17T02:26:20.043775]>Image adamite36489g.jpg downloaded succesfully to the following path: D:\Users\Reis\Documents\Reis\PersonalProjects\MineralPydia\img_dump\adamite36489g.jpg
[2023-03-17T02:26:20.044772]>Attempting to fetch the following:
	URL: https://www.dakotamatrix.com/images/products/adamite36467b.jpg
	Filename: adamite36467b.jpg
[2023-03-17T02:26:20.397363]>Image adamite36467b.jpg downloaded succesfully to the following path: D:\Users\Reis\Documents\Reis\PersonalProjects\MineralPydia\img_dump\adamite36467b.jpg
[2023-03-17T02:26:20.397363]>Attempting to fetch the following:
	URL: https://www.dakotamatrix.com/images/products/adamite36489f.jpg
	Filename: adamite36489f.jpg
[2023-03-17T02:26:20.747399]>Image adamite36489f.jpg downloaded succesfully to the following path: D:\Users\Reis\Documents\Reis\PersonalProjects\MineralPydia\img_dump\adamite36489f.jpg
[2023-03-17T02:26:20.747399]>Attempting to fetch the following:
	URL: https://www.dakotamatrix.com/images/products/adamite39852x.jpg
	Filename: adamite39852x.jpg
[2023-03-17T02:26:21.137866]>Image adamite39852x.jpg downloaded succesfully to the following path: D:\Users\Reis\Documents\Reis\PersonalProjects\MineralPydia\img_dump\adamite39852x.jpg
[2023-03-17T02:26:21.137866]>Attempting to fetch the following:
	URL: https://www.dakotamatrix.com/images/products/adamite39852xa.jpg
	Filename: adamite39852xa.jpg
[2023-03-17T02:26:21.478465]>Image adamite39852xa.jpg downloaded succesfully to the following path: D:\Users\Reis\Documents\Reis\PersonalProjects\MineralPydia\img_dump\adamite39852xa.jpg
[2023-03-17T02:26:21.478465]>Attempting to fetch the following:
	URL: https://www.dakotamatrix.com/images/products/adamite39852xc.jpg
	Filename: adamite39852xc.jpg
[2023-03-17T02:26:21.827042]>Image adamite39852xc.jpg downloaded succesfully to the following path: D:\Users\Reis\Documents\Reis\PersonalProjects\MineralPydia\img_dump\adamite39852xc.jpg
[2023-03-17T02:26:21.827042]>Attempting to fetch the following:
	URL: https://www.dakotamatrix.com/images/products/adamite39852xe.jpg
	Filename: adamite39852xe.jpg
[2023-03-17T02:26:22.181093]>Image adamite39852xe.jpg downloaded succesfully to the following path: D:\Users\Reis\Documents\Reis\PersonalProjects\MineralPydia\img_dump\adamite39852xe.jpg
[2023-03-17T02:26:22.182090]>Attempting to fetch the following:
	URL: https://www.dakotamatrix.com/images/products/adamite41650b.jpg
	Filename: adamite41650b.jpg
[2023-03-17T02:26:22.544122]>Image adamite41650b.jpg downloaded succesfully to the following path: D:\Users\Reis\Documents\Reis\PersonalProjects\MineralPydia\img_dump\adamite41650b.jpg
[2023-03-17T02:26:22.544122]>Attempting to fetch the following:
	URL: https://www.dakotamatrix.com/images/products/adamite41650d.jpg
	Filename: adamite41650d.jpg
[2023-03-17T02:26:22.909532]>Image adamite41650d.jpg downloaded succesfully to the following path: D:\Users\Reis\Documents\Reis\PersonalProjects\MineralPydia\img_dump\adamite41650d.jpg
[2023-03-17T02:26:22.909532]>Attempting to fetch the following:
	URL: https://www.dakotamatrix.com/images/products/adamite35965d.JPG
	Filename: adamite35965d.JPG
[2023-03-17T02:26:23.351638]>Image adamite35965d.JPG downloaded succesfully to the following path: D:\Users\Reis\Documents\Reis\PersonalProjects\MineralPydia\img_dump\adamite35965d.JPG
[2023-03-17T02:26:23.351638]>Attempting to fetch the following:
	URL: https://www.dakotamatrix.com/images/products/adamite35965b.JPG
	Filename: adamite35965b.JPG
[2023-03-17T02:26:23.814569]>Image adamite35965b.JPG downloaded succesfully to the following path: D:\Users\Reis\Documents\Reis\PersonalProjects\MineralPydia\img_dump\adamite35965b.JPG
[2023-03-17T02:26:23.814569]>Attempting to fetch the following:
	URL: https://www.dakotamatrix.com/images/database/adamsiteY2415p.jpg
	Filename: adamsiteY2415p.jpg
[2023-03-17T02:26:24.235156]>Image adamsiteY2415p.jpg downloaded succesfully to the following path: D:\Users\Reis\Documents\Reis\PersonalProjects\MineralPydia\img_dump\adamsiteY2415p.jpg
[2023-03-17T02:26:24.236159]>Attempting to fetch the following:
	URL: https://www.dakotamatrix.com/images/products/adamsite44900b_2.JPG
	Filename: adamsite44900b_2.JPG
[2023-03-17T02:26:24.590936]>Image adamsite44900b_2.JPG downloaded succesfully to the following path: D:\Users\Reis\Documents\Reis\PersonalProjects\MineralPydia\img_dump\adamsite44900b_2.JPG
[2023-03-17T02:26:24.591933]>Attempting to fetch the following:
	URL: https://www.dakotamatrix.com/images/products/adamsite44900c_2.JPG
	Filename: adamsite44900c_2.JPG
[2023-03-17T02:26:24.950414]>Image adamsite44900c_2.JPG downloaded succesfully to the following path: D:\Users\Reis\Documents\Reis\PersonalProjects\MineralPydia\img_dump\adamsite44900c_2.JPG
[2023-03-17T02:26:24.950414]>Attempting to fetch the following:
	URL: https://www.dakotamatrix.com/images/database/aegerine15457b.jpg
	Filename: aegerine15457b.jpg
[2023-03-17T02:26:25.279356]>Image aegerine15457b.jpg downloaded succesfully to the following path: D:\Users\Reis\Documents\Reis\PersonalProjects\MineralPydia\img_dump\aegerine15457b.jpg
[2023-03-17T02:26:25.279356]>Attempting to fetch the following:
	URL: https://www.dakotamatrix.com/images/products/aegerine43242b.jpg
	Filename: aegerine43242b.jpg
[2023-03-17T02:26:25.623042]>Image aegerine43242b.jpg downloaded succesfully to the following path: D:\Users\Reis\Documents\Reis\PersonalProjects\MineralPydia\img_dump\aegerine43242b.jpg
[2023-03-17T02:26:25.624040]>Attempting to fetch the following:
	URL: https://www.dakotamatrix.com/images/products/aegerine43242a.jpg
	Filename: aegerine43242a.jpg
[2023-03-17T02:26:25.988499]>Image aegerine43242a.jpg downloaded succesfully to the following path: D:\Users\Reis\Documents\Reis\PersonalProjects\MineralPydia\img_dump\aegerine43242a.jpg
[2023-03-17T02:26:25.988499]>Attempting to fetch the following:
	URL: https://www.dakotamatrix.com/images/products/aegerine49955b_2.JPG
	Filename: aegerine49955b_2.JPG
[2023-03-17T02:26:26.324819]>Image aegerine49955b_2.JPG downloaded succesfully to the following path: D:\Users\Reis\Documents\Reis\PersonalProjects\MineralPydia\img_dump\aegerine49955b_2.JPG
[2023-03-17T02:26:26.324819]>Attempting to fetch the following:
	URL: https://www.dakotamatrix.com/images/products/aegerine49955c_2.JPG
	Filename: aegerine49955c_2.JPG
[2023-03-17T02:26:26.726051]>Image aegerine49955c_2.JPG downloaded succesfully to the following path: D:\Users\Reis\Documents\Reis\PersonalProjects\MineralPydia\img_dump\aegerine49955c_2.JPG
